Info in <TCanvas::Print>: ps file plots_gjets_36p46/GJets_BkgSub_Rc36p46wHLT_RhoWt_GMCEtaWt_tight_puWeightmoriondMC_metfilter_unblind_el_log_scale1.ps has been created
Info in <TCanvas::Print>: pdf file plots_gjets_36p46/GJets_BkgSub_Rc36p46wHLT_RhoWt_GMCEtaWt_tight_puWeightmoriondMC_metfilter_unblind_el_log_scale1.pdf has been created
Info in <TCanvas::Print>: Current canvas added to ps file plots_gjets_36p46/GJets_BkgSub_Rc36p46wHLT_RhoWt_GMCEtaWt_tight_puWeightmoriondMC_metfilter_unblind_el_log_scale1.ps
Info in <TCanvas::Print>: Current canvas added to pdf file plots_gjets_36p46/GJets_BkgSub_Rc36p46wHLT_RhoWt_GMCEtaWt_tight_puWeightmoriondMC_metfilter_unblind_el_log_scale1.pdf
Info in <TCanvas::Print>: Current canvas added to ps file plots_gjets_36p46/GJets_BkgSub_Rc36p46wHLT_RhoWt_GMCEtaWt_tight_puWeightmoriondMC_metfilter_unblind_el_log_scale1.ps
Info in <TCanvas::Print>: Current canvas added to pdf file plots_gjets_36p46/GJets_BkgSub_Rc36p46wHLT_RhoWt_GMCEtaWt_tight_puWeightmoriondMC_metfilter_unblind_el_log_scale1.pdf
Using customized style
Data : 94861.000000

non reson. : 4934.524350

ZZ WZ reson. : 2272.574102

ZJets(MC) : 83781.927476

1 x BulkG-600 : 51.369077

1 x BulkG-1000 : 3.093645

1 x BulkG-2000 : 0.039120

---------------------------
Signal 1 x BulkG-2000 = 0.039120464973
Signal 1 x BulkG-1000 = 3.09364515903
Signal 1 x BulkG-600 = 51.369077045
Bkg    = 90989.025928
Observed = 94861.000000
Data/Bkg= 1.04255429743 +- 0.0152833353317
